#
# There is insufficient memory for the Java Runtime Environment to continue.
# Native memory allocation (malloc) failed to allocate 1048576 bytes for AllocateHeap
# Possible reasons:
#   The system is out of physical RAM or swap space
#   In 32 bit mode, the process size limit was hit
# Possible solutions:
#   Reduce memory load on the system
#   Increase physical memory or swap space
#   Check if swap backing store is full
#   Use 64 bit Java on a 64 bit OS
#   Decrease Java heap size (-Xmx/-Xms)
#   Decrease number of Java threads
#   Decrease Java thread stack sizes (-Xss)
#   Set larger code cache with -XX:ReservedCodeCacheSize=
# This output file may be truncated or incomplete.
#
#  Out of Memory Error (memory/allocation.inline.hpp:61), pid=122848, tid=0x000000000001b994
#
# JRE version:  (8.0_162-b12) (build )
# Java VM: Java HotSpot(TM) 64-Bit Server VM (25.162-b12 mixed mode windows-amd64 compressed oops)
# Failed to write core dump. Minidumps are not enabled by default on client versions of Windows
#

---------------  T H R E A D  ---------------

Current thread (0x000000000326e000):  JavaThread "Unknown thread" [_thread_in_vm, id=113044, stack(0x0000000002f30000,0x0000000003030000)]

Stack: [0x0000000002f30000,0x0000000003030000]
[error occurred during error reporting (printing stack bounds), id 0xc0000005]

Native frames: (J=compiled Java code, j=interpreted, Vv=VM code, C=native code)


---------------  P R O C E S S  ---------------

Java Threads: ( => current thread )

Other Threads:

=>0x000000000326e000 (exited) JavaThread "Unknown thread" [_thread_in_vm, id=113044, stack(0x0000000002f30000,0x0000000003030000)]

VM state:not at safepoint (normal execution)

VM Mutex/Monitor currently owned by a thread: None

Heap:
 PSYoungGen      total 75776K, used 1300K [0x000000076bd00000, 0x0000000771180000, 0x00000007c0000000)
  eden space 65024K, 2% used [0x000000076bd00000,0x000000076be451f8,0x000000076fc80000)
  from space 10752K, 0% used [0x0000000770700000,0x0000000770700000,0x0000000771180000)
  to   space 10752K, 0% used [0x000000076fc80000,0x000000076fc80000,0x0000000770700000)
 ParOldGen       total 173568K, used 0K [0x00000006c3600000, 0x00000006cdf80000, 0x000000076bd00000)
  object space 173568K, 0% used [0x00000006c3600000,0x00000006c3600000,0x00000006cdf80000)
 Metaspace       used 783K, capacity 1092K, committed 1152K, reserved 1060864K
  class space    used 75K, capacity 384K, committed 384K, reserved 1048576K

Card table byte_map: [0x0000000012630000,0x0000000012e20000] byte_map_base: 0x000000000f015000

Marking Bits: (ParMarkBitMap*) 0x0000000061cd0860
 Begin Bits: [0x0000000013770000, 0x0000000017698000)
 End Bits:   [0x0000000017698000, 0x000000001b5c0000)

Polling page: 0x0000000001650000

CodeCache: size=245760Kb used=328Kb max_used=328Kb free=245431Kb
 bounds [0x0000000003270000, 0x00000000034e0000, 0x0000000012270000]
 total_blobs=58 nmethods=0 adapters=38
 compilation: enabled

Compilation events (0 events):
No events

GC Heap History (0 events):
No events

Deoptimization events (0 events):
No events

Classes redefined (0 events):
No events

Internal exceptions (0 events):
No events

Events (10 events):
Event: 0.029 loading class java/lang/Short
Event: 0.029 loading class java/lang/Short done
Event: 0.029 loading class java/lang/Integer
Event: 0.029 loading class java/lang/Integer done
Event: 0.029 loading class java/lang/Long
Event: 0.029 loading class java/lang/Long done
Event: 0.030 loading class java/lang/NullPointerException
Event: 0.030 loading class java/lang/NullPointerException done
Event: 0.030 loading class java/lang/ArithmeticException
Event: 0.030 loading class java/lang/ArithmeticException done


Dynamic libraries:
0x00007ff64ef80000 - 0x00007ff64efb7000 	C:\Program Files\Java\jdk1.8.0_162\bin\java.exe
0x00007ffbd9aa0000 - 0x00007ffbd9c81000 	C:\WINDOWS\SYSTEM32\ntdll.dll
0x00007ffbd7900000 - 0x00007ffbd79b2000 	C:\WINDOWS\System32\KERNEL32.DLL
0x00007ffbd6230000 - 0x00007ffbd64a3000 	C:\WINDOWS\System32\KERNELBASE.dll
0x00007ffbd79d0000 - 0x00007ffbd7a71000 	C:\WINDOWS\System32\ADVAPI32.dll
0x00007ffbd7200000 - 0x00007ffbd729e000 	C:\WINDOWS\System32\msvcrt.dll
0x00007ffbd7cf0000 - 0x00007ffbd7d4b000 	C:\WINDOWS\System32\sechost.dll
0x00007ffbd77d0000 - 0x00007ffbd78f4000 	C:\WINDOWS\System32\RPCRT4.dll
0x00007ffbd7d50000 - 0x00007ffbd7ee0000 	C:\WINDOWS\System32\USER32.dll
0x00007ffbd5e70000 - 0x00007ffbd5e90000 	C:\WINDOWS\System32\win32u.dll
0x00007ffbd7ef0000 - 0x00007ffbd7f18000 	C:\WINDOWS\System32\GDI32.dll
0x00007ffbd5f90000 - 0x00007ffbd6122000 	C:\WINDOWS\System32\gdi32full.dll
0x00007ffbd5ef0000 - 0x00007ffbd5f8f000 	C:\WINDOWS\System32\msvcp_win.dll
0x00007ffbd6130000 - 0x00007ffbd622a000 	C:\WINDOWS\System32\ucrtbase.dll
0x00007ffbc7c00000 - 0x00007ffbc7e69000 	C:\WINDOWS\WinSxS\amd64_microsoft.windows.common-controls_6595b64144ccf1df_6.0.17134.345_none_fb429a5930656358\COMCTL32.dll
0x00007ffbd8100000 - 0x00007ffbd8423000 	C:\WINDOWS\System32\combase.dll
0x00007ffbd6eb0000 - 0x00007ffbd6f2a000 	C:\WINDOWS\System32\bcryptPrimitives.dll
0x00007ffbd8520000 - 0x00007ffbd854d000 	C:\WINDOWS\System32\IMM32.DLL
0x00000000613d0000 - 0x00000000614a1000 	C:\Program Files\Java\jdk1.8.0_162\jre\bin\msvcr100.dll
0x00000000614b0000 - 0x0000000061d50000 	C:\Program Files\Java\jdk1.8.0_162\jre\bin\server\jvm.dll
0x00007ffbd79c0000 - 0x00007ffbd79c8000 	C:\WINDOWS\System32\PSAPI.DLL
0x00007ffbd15a0000 - 0x00007ffbd15c3000 	C:\WINDOWS\SYSTEM32\WINMM.dll
0x00007ffbb9d50000 - 0x00007ffbb9d59000 	C:\WINDOWS\SYSTEM32\WSOCK32.dll
0x00007ffbca380000 - 0x00007ffbca38a000 	C:\WINDOWS\SYSTEM32\VERSION.dll
0x00007ffbd85c0000 - 0x00007ffbd862c000 	C:\WINDOWS\System32\WS2_32.dll
0x00007ffbd1570000 - 0x00007ffbd159a000 	C:\WINDOWS\SYSTEM32\WINMMBASE.dll
0x00007ffbd6750000 - 0x00007ffbd6799000 	C:\WINDOWS\System32\cfgmgr32.dll
0x0000000061380000 - 0x000000006138f000 	C:\Program Files\Java\jdk1.8.0_162\jre\bin\verify.dll
0x0000000061350000 - 0x0000000061379000 	C:\Program Files\Java\jdk1.8.0_162\jre\bin\java.dll
0x0000000061330000 - 0x0000000061346000 	C:\Program Files\Java\jdk1.8.0_162\jre\bin\zip.dll

VM Arguments:
jvm_args: -Dfile.encoding=UTF-8 
java_command: gym3.NewJFrame
java_class_path (initial): C:\Users\USER\Desktop\›’· «Ê· 2018-2019\„«Ìﬂ—Ê\”‰Ê« \›Ì—” \KGradientPanel-master\build\classes;C:\Program Files\NetBeans 8.2\java\modules\ext\AbsoluteLayout.jar;C:\Users\USER\Desktop\›’· «Ê· 2018-2019\„«Ìﬂ—Ê\”‰Ê« \›Ì—” \KControls-master\build\classes;C:\Program Files\NetBeans 8.2\java\modules\ext\beansbinding-1.2.1.jar;C:\Users\USER\Documents\NetBeansProjects\Gym3\build\classes
Launcher Type: SUN_STANDARD

Environment Variables:
JAVA_HOME=C:\Program Files\Java\jdk1.8.0_162
PATH=C:\ProgramData\Oracle\Java\javapath;C:\WINDOWS\system32;C:\WINDOWS;C:\WINDOWS\System32\Wbem;C:\WINDOWS\System32\WindowsPowerShell\v1.0\;C:\Program Files\Java\jdk1.8.0_162\bin;JAVA_HOME\bin;C:\WINDOWS\System32\OpenSSH\;C:\Program Files\dotnet\;C:\Program Files\Microsoft SQL Server\130\Tools\Binn\;C:\Users\USER\Desktop\›’· «Ê· 2018-2019\„«Ìﬂ—Ê\”·«Ìœ« \›Ì—” \opencv\build\x64\vc14\bin;C:\Users\USER\AppData\Local\Microsoft\WindowsApps;C:\Program Files\Java\jdk1.8.0_162\bin;C:\Program Files\Java\jre1.8.0_162;
USERNAME=USER
OS=Windows_NT
PROCESSOR_IDENTIFIER=Intel64 Family 6 Model 142 Stepping 9, GenuineIntel



---------------  S Y S T E M  ---------------

OS: Windows 10.0 , 64 bit Build 17134 (10.0.17134.1)

CPU:total 4 (initial active 4) (2 cores per cpu, 2 threads per core) family 6 model 142 stepping 9, cmov, cx8, fxsr, mmx, sse, sse2, sse3, ssse3, sse4.1, sse4.2, popcnt, avx, avx2, aes, clmul, erms, 3dnowpref, lzcnt, ht, tsc, tscinvbit, bmi1, bmi2, adx

Memory: 4k page, physical 16551064k(5280120k free), swap 30432716k(5844k free)

vm_info: Java HotSpot(TM) 64-Bit Server VM (25.162-b12) for windows-amd64 JRE (1.8.0_162-b12), built on Dec 19 2017 20:00:03 by "java_re" with MS VC++ 10.0 (VS2010)

time: Fri Nov 09 02:32:52 2018
elapsed time: 0 seconds (0d 0h 0m 0s)

